app/build/intermediates/manifest_merge_blame_file/debug/manifest-merger-blame-debug-report.txt
1<?xml version="1.0" encoding="utf-8"?>
2<manifest xmlns:android="http://schemas.android.com/apk/res/android"
3    package="com.smartracoon"
4    android:versionCode="1"
5    android:versionName="1.0" >
6
7    <uses-sdk
8        android:minSdkVersion="22"
8-->src/main/AndroidManifest.xml
9        android:targetSdkVersion="28" />
9-->src/main/AndroidManifest.xml
10
11    <uses-permission android:name="android.permission.FOREGROUND_SERVICE" />
11-->src/main/AndroidManifest.xml:4:5-76
11-->src/main/AndroidManifest.xml:4:22-74
12
13    <application
13-->src/main/AndroidManifest.xml:5:5-30:19
14        android:allowBackup="true"
14-->src/main/AndroidManifest.xml:6:9-35
15        android:debuggable="true"
16        android:icon="@mipmap/ic_launcher"
16-->src/main/AndroidManifest.xml:7:9-43
17        android:label="@string/app_name"
17-->src/main/AndroidManifest.xml:8:9-41
18        android:roundIcon="@mipmap/ic_launcher_round"
18-->src/main/AndroidManifest.xml:9:9-54
19        android:supportsRtl="true"
19-->src/main/AndroidManifest.xml:10:9-35
20        android:theme="@style/AppTheme" >
20-->src/main/AndroidManifest.xml:11:9-40
21        <activity android:name="com.smartracoon.MainActivity" >
21-->src/main/AndroidManifest.xml:12:9-17:20
21-->src/main/AndroidManifest.xml:12:19-47
22            <intent-filter>
22-->src/main/AndroidManifest.xml:13:13-16:29
23                <action android:name="android.intent.action.MAIN" />
23-->src/main/AndroidManifest.xml:14:17-69
23-->src/main/AndroidManifest.xml:14:25-66
24
25                <category android:name="android.intent.category.LAUNCHER" />
25-->src/main/AndroidManifest.xml:15:17-77
25-->src/main/AndroidManifest.xml:15:27-74
26            </intent-filter>
27        </activity>
28
29        <service android:name="com.smartracoon.SmartRacoonService" />
29-->src/main/AndroidManifest.xml:19:9-20:48
29-->src/main/AndroidManifest.xml:20:13-46
30
31        <provider
31-->src/main/AndroidManifest.xml:21:9-29:20
32            android:name="android.support.v4.content.FileProvider"
32-->src/main/AndroidManifest.xml:22:13-67
33            android:authorities="com.smartracoon.fileprovider"
33-->src/main/AndroidManifest.xml:23:13-63
34            android:exported="false"
34-->src/main/AndroidManifest.xml:24:13-37
35            android:grantUriPermissions="true" >
35-->src/main/AndroidManifest.xml:25:13-47
36            <meta-data
36-->src/main/AndroidManifest.xml:26:13-28:52
37                android:name="android.support.FILE_PROVIDER_PATHS"
37-->src/main/AndroidManifest.xml:27:17-67
38                android:resource="@xml/filepaths" />
38-->src/main/AndroidManifest.xml:28:17-50
39        </provider>
40    </application>
41
42</manifest>